This is pdfTeX, Version 3.14159265-2.6-1.40.18 (TeX Live 2017) (preloaded format=pdflatex 2017.9.26)  8 JAN 2018 13:38
entering extended mode
 restricted \write18 enabled.
 file:line:error style messages enabled.
 %&-line parsing enabled.
**/Users/ujjawalsharma/Desktop/MapReduce/MapReduce.tex
(/Users/ujjawalsharma/Desktop/MapReduce/MapReduce.tex
LaTeX2e <2017-04-15>
Babel <3.13> and hyphenation patterns for 84 language(s) loaded.
(/usr/local/texlive/2017/texmf-dist/tex/latex/base/article.cls
Document Class: article 2014/09/29 v1.4h Standard LaTeX document class
(/usr/local/texlive/2017/texmf-dist/tex/latex/base/size10.clo
File: size10.clo 2014/09/29 v1.4h Standard LaTeX file (size option)
)
\c@part=\count79
\c@section=\count80
\c@subsection=\count81
\c@subsubsection=\count82
\c@paragraph=\count83
\c@subparagraph=\count84
\c@figure=\count85
\c@table=\count86
\abovecaptionskip=\skip41
\belowcaptionskip=\skip42
\bibindent=\dimen102
)
(/usr/local/texlive/2017/texmf-dist/tex/latex/graphics/graphicx.sty
Package: graphicx 2017/06/01 v1.1a Enhanced LaTeX Graphics (DPC,SPQR)

(/usr/local/texlive/2017/texmf-dist/tex/latex/graphics/keyval.sty
Package: keyval 2014/10/28 v1.15 key=value parser (DPC)
\KV@toks@=\toks14
)
(/usr/local/texlive/2017/texmf-dist/tex/latex/graphics/graphics.sty
Package: graphics 2017/06/25 v1.2c Standard LaTeX Graphics (DPC,SPQR)

(/usr/local/texlive/2017/texmf-dist/tex/latex/graphics/trig.sty
Package: trig 2016/01/03 v1.10 sin cos tan (DPC)
)
(/usr/local/texlive/2017/texmf-dist/tex/latex/graphics-cfg/graphics.cfg
File: graphics.cfg 2016/06/04 v1.11 sample graphics configuration
)
Package graphics Info: Driver file: pdftex.def on input line 99.

(/usr/local/texlive/2017/texmf-dist/tex/latex/graphics-def/pdftex.def
File: pdftex.def 2017/06/24 v1.0g Graphics/color driver for pdftex
))
\Gin@req@height=\dimen103
\Gin@req@width=\dimen104
)
(/usr/local/texlive/2017/texmf-dist/tex/latex/geometry/geometry.sty
Package: geometry 2010/09/12 v5.6 Page Geometry

(/usr/local/texlive/2017/texmf-dist/tex/generic/oberdiek/ifpdf.sty
Package: ifpdf 2017/03/15 v3.2 Provides the ifpdf switch
)
(/usr/local/texlive/2017/texmf-dist/tex/generic/oberdiek/ifvtex.sty
Package: ifvtex 2016/05/16 v1.6 Detect VTeX and its facilities (HO)
Package ifvtex Info: VTeX not detected.
)
(/usr/local/texlive/2017/texmf-dist/tex/generic/ifxetex/ifxetex.sty
Package: ifxetex 2010/09/12 v0.6 Provides ifxetex conditional
)
\Gm@cnth=\count87
\Gm@cntv=\count88
\c@Gm@tempcnt=\count89
\Gm@bindingoffset=\dimen105
\Gm@wd@mp=\dimen106
\Gm@odd@mp=\dimen107
\Gm@even@mp=\dimen108
\Gm@layoutwidth=\dimen109
\Gm@layoutheight=\dimen110
\Gm@layouthoffset=\dimen111
\Gm@layoutvoffset=\dimen112
\Gm@dimlist=\toks15
)
(/usr/local/texlive/2017/texmf-dist/tex/latex/tools/array.sty
Package: array 2016/10/06 v2.4d Tabular extension package (FMi)
\col@sep=\dimen113
\extrarowheight=\dimen114
\NC@list=\toks16
\extratabsurround=\skip43
\backup@length=\skip44
)
(/usr/local/texlive/2017/texmf-dist/tex/latex/listings/listings.sty
\lst@mode=\count90
\lst@gtempboxa=\box26
\lst@token=\toks17
\lst@length=\count91
\lst@currlwidth=\dimen115
\lst@column=\count92
\lst@pos=\count93
\lst@lostspace=\dimen116
\lst@width=\dimen117
\lst@newlines=\count94
\lst@lineno=\count95
\lst@maxwidth=\dimen118

(/usr/local/texlive/2017/texmf-dist/tex/latex/listings/lstmisc.sty
File: lstmisc.sty 2015/06/04 1.6 (Carsten Heinz)
\c@lstnumber=\count96
\lst@skipnumbers=\count97
\lst@framebox=\box27
)
(/usr/local/texlive/2017/texmf-dist/tex/latex/listings/listings.cfg
File: listings.cfg 2015/06/04 1.6 listings configuration
))
Package: listings 2015/06/04 1.6 (Carsten Heinz)

(/usr/local/texlive/2017/texmf-dist/tex/latex/graphics/color.sty
Package: color 2016/07/10 v1.1e Standard LaTeX Color (DPC)

(/usr/local/texlive/2017/texmf-dist/tex/latex/graphics-cfg/color.cfg
File: color.cfg 2016/01/02 v1.6 sample color configuration
)
Package color Info: Driver file: pdftex.def on input line 147.
)
(./MapReduce.aux

./MapReduce.aux:24: LaTeX Error: Missing \begin{document}.

See the LaTeX manual or LaTeX Companion for explanation.
Type  H <return>  for immediate help.
 ...                                              
                                                  
l.24 9
      }}
You're in trouble here.  Try typing  <return>  to proceed.
If that doesn't work, type  X <return>  to quit.

./MapReduce.aux:24: Extra }, or forgotten \endgroup.
l.24 9}
       }
I've deleted a group-closing symbol because it seems to be
spurious, as in `$x}$'. But perhaps the } is legitimate and
you forgot something else, as in `\hbox{$x}'. In such cases
the way to recover is to insert both the forgotten and the
deleted material, e.g., by typing `I$}'.

./MapReduce.aux:24: Extra }, or forgotten \endgroup.
l.24 9}}
        
I've deleted a group-closing symbol because it seems to be
spurious, as in `$x}$'. But perhaps the } is legitimate and
you forgot something else, as in `\hbox{$x}'. In such cases
the way to recover is to insert both the forgotten and the
deleted material, e.g., by typing `I$}'.

)
\openout1 = `MapReduce.aux'.

LaTeX Font Info:    Checking defaults for OML/cmm/m/it on input line 20.
LaTeX Font Info:    ... okay on input line 20.
LaTeX Font Info:    Checking defaults for T1/cmr/m/n on input line 20.
LaTeX Font Info:    ... okay on input line 20.
LaTeX Font Info:    Checking defaults for OT1/cmr/m/n on input line 20.
LaTeX Font Info:    ... okay on input line 20.
LaTeX Font Info:    Checking defaults for OMS/cmsy/m/n on input line 20.
LaTeX Font Info:    ... okay on input line 20.
LaTeX Font Info:    Checking defaults for OMX/cmex/m/n on input line 20.
LaTeX Font Info:    ... okay on input line 20.
LaTeX Font Info:    Checking defaults for U/cmr/m/n on input line 20.
LaTeX Font Info:    ... okay on input line 20.
 (/usr/local/texlive/2017/texmf-dist/tex/context/base/mkii/supp-pdf.mkii
[Loading MPS to PDF converter (version 2006.09.02).]
\scratchcounter=\count98
\scratchdimen=\dimen119
\scratchbox=\box28
\nofMPsegments=\count99
\nofMParguments=\count100
\everyMPshowfont=\toks18
\MPscratchCnt=\count101
\MPscratchDim=\dimen120
\MPnumerator=\count102
\makeMPintoPDFobject=\count103
\everyMPtoPDFconversion=\toks19
) (/usr/local/texlive/2017/texmf-dist/tex/latex/oberdiek/epstopdf-base.sty
Package: epstopdf-base 2016/05/15 v2.6 Base part for package epstopdf

(/usr/local/texlive/2017/texmf-dist/tex/generic/oberdiek/infwarerr.sty
Package: infwarerr 2016/05/16 v1.4 Providing info/warning/error messages (HO)
)
(/usr/local/texlive/2017/texmf-dist/tex/latex/oberdiek/grfext.sty
Package: grfext 2016/05/16 v1.2 Manage graphics extensions (HO)

(/usr/local/texlive/2017/texmf-dist/tex/generic/oberdiek/kvdefinekeys.sty
Package: kvdefinekeys 2016/05/16 v1.4 Define keys (HO)

(/usr/local/texlive/2017/texmf-dist/tex/generic/oberdiek/ltxcmds.sty
Package: ltxcmds 2016/05/16 v1.23 LaTeX kernel commands for general use (HO)
)))
(/usr/local/texlive/2017/texmf-dist/tex/latex/oberdiek/kvoptions.sty
Package: kvoptions 2016/05/16 v3.12 Key value format for package options (HO)

(/usr/local/texlive/2017/texmf-dist/tex/generic/oberdiek/kvsetkeys.sty
Package: kvsetkeys 2016/05/16 v1.17 Key value parser (HO)

(/usr/local/texlive/2017/texmf-dist/tex/generic/oberdiek/etexcmds.sty
Package: etexcmds 2016/05/16 v1.6 Avoid name clashes with e-TeX commands (HO)

(/usr/local/texlive/2017/texmf-dist/tex/generic/oberdiek/ifluatex.sty
Package: ifluatex 2016/05/16 v1.4 Provides the ifluatex switch (HO)
Package ifluatex Info: LuaTeX not detected.
)
Package etexcmds Info: Could not find \expanded.
(etexcmds)             That can mean that you are not using pdfTeX 1.50 or
(etexcmds)             that some package has redefined \expanded.
(etexcmds)             In the latter case, load this package earlier.
)))
(/usr/local/texlive/2017/texmf-dist/tex/generic/oberdiek/pdftexcmds.sty
Package: pdftexcmds 2017/03/19 v0.25 Utility functions of pdfTeX for LuaTeX (HO
)
Package pdftexcmds Info: LuaTeX not detected.
Package pdftexcmds Info: \pdf@primitive is available.
Package pdftexcmds Info: \pdf@ifprimitive is available.
Package pdftexcmds Info: \pdfdraftmode found.
)
Package epstopdf-base Info: Redefining graphics rule for `.eps' on input line 4
38.
Package grfext Info: Graphics extension search list:
(grfext)             [.pdf,.png,.jpg,.mps,.jpeg,.jbig2,.jb2,.PDF,.PNG,.JPG,.JPE
G,.JBIG2,.JB2,.eps]
(grfext)             \AppendGraphicsExtensions on input line 456.

(/usr/local/texlive/2017/texmf-dist/tex/latex/latexconfig/epstopdf-sys.cfg
File: epstopdf-sys.cfg 2010/07/13 v1.3 Configuration of (r)epstopdf for TeX Liv
e
))
*geometry* driver: auto-detecting
*geometry* detected driver: pdftex
*geometry* verbose mode - [ preamble ] result:
* driver: pdftex
* paper: a4paper
* layout: <same size as paper>
* layoutoffset:(h,v)=(0.0pt,0.0pt)
* modes: 
* h-part:(L,W,R)=(42.67912pt, 512.14963pt, 42.67912pt)
* v-part:(T,H,B)=(85.35826pt, 702.78308pt, 56.9055pt)
* \paperwidth=597.50787pt
* \paperheight=845.04684pt
* \textwidth=512.14963pt
* \textheight=702.78308pt
* \oddsidemargin=-29.59087pt
* \evensidemargin=-29.59087pt
* \topmargin=-23.91173pt
* \headheight=12.0pt
* \headsep=25.0pt
* \topskip=10.0pt
* \footskip=30.0pt
* \marginparwidth=57.0pt
* \marginparsep=11.0pt
* \columnsep=10.0pt
* \skip\footins=9.0pt plus 4.0pt minus 2.0pt
* \hoffset=0.0pt
* \voffset=0.0pt
* \mag=1000
* \@twocolumnfalse
* \@twosidefalse
* \@mparswitchfalse
* \@reversemarginfalse
* (1in=72.27pt=25.4mm, 1cm=28.453pt)

\c@lstlisting=\count104
[1

{/usr/local/texlive/2017/texmf-var/fonts/map/pdftex/updmap/pdftex.map}]
LaTeX Font Info:    External font `cmex10' loaded for size
(Font)              <12> on input line 24.
LaTeX Font Info:    External font `cmex10' loaded for size
(Font)              <8> on input line 24.
LaTeX Font Info:    External font `cmex10' loaded for size
(Font)              <6> on input line 24.
LaTeX Font Info:    External font `cmex10' loaded for size
(Font)              <9> on input line 43.
LaTeX Font Info:    External font `cmex10' loaded for size
(Font)              <5> on input line 43.
<InstallationConfirmation.png, id=7, 1281.78876pt x 678.535pt>
File: InstallationConfirmation.png Graphic file (type png)
<use InstallationConfirmation.png>
Package pdftex.def Info: InstallationConfirmation.png  used on input line 57. o
n input line 57.
Package pdftex.def Info: Requested size: 376.22723pt x 199.16928pt on input lin
e 57.

[2 <./InstallationConfirmation.png>]
(/usr/local/texlive/2017/texmf-dist/tex/latex/listings/lstlang1.sty
File: lstlang1.sty 2015/06/04 1.6 listings language file
)
LaTeX Font Info:    Try loading font information for OMS+cmr on input line 87.

(/usr/local/texlive/2017/texmf-dist/tex/latex/base/omscmr.fd
File: omscmr.fd 2014/09/29 v2.5h Standard LaTeX font definitions
)
LaTeX Font Info:    Font shape `OMS/cmr/m/n' in size <10> not available
(Font)              Font shape `OMS/cmsy/m/n' tried instead on input line 87.
<Question1.png, id=17, 939.51pt x 77.28876pt>
File: Question1.png Graphic file (type png)
<use Question1.png>
Package pdftex.def Info: Question1.png  used on input line 121. on input line 1
21.
Package pdftex.def Info: Requested size: 518.81078pt x 42.67912pt on input line
 121.

Overfull \hbox (6.66115pt too wide) in paragraph at lines 121--122
 [][] 
 []

[3]
<Run1.png, id=24, 1283.79625pt x 67.25125pt>
File: Run1.png Graphic file (type png)
<use Run1.png>
Package pdftex.def Info: Run1.png  used on input line 129. on input line 129.
Package pdftex.def Info: Requested size: 543.14775pt x 28.45274pt on input line
 129.

Overfull \hbox (30.99812pt too wide) in paragraph at lines 129--130
 [][] 
 []

<Hadoop1.png, id=25, 1284.8pt x 803.0pt>
File: Hadoop1.png Graphic file (type png)
<use Hadoop1.png>
Package pdftex.def Info: Hadoop1.png  used on input line 137. on input line 137
.
Package pdftex.def Info: Requested size: 455.25441pt x 284.52756pt on input lin
e 137.
[4 <./Question1.png> <./Run1.png> <./Hadoop1.png>] [5]
<Question2.png, id=35, 941.5175pt x 75.28125pt>
File: Question2.png Graphic file (type png)
<use Question2.png>
Package pdftex.def Info: Question2.png  used on input line 218. on input line 2
18.
Package pdftex.def Info: Requested size: 533.79729pt x 42.67912pt on input line
 218.

Overfull \hbox (21.64766pt too wide) in paragraph at lines 218--219
 [][] 
 []

<Run2.png, id=36, 1283.79625pt x 67.25125pt>
File: Run2.png Graphic file (type png)
<use Run2.png>
Package pdftex.def Info: Run2.png  used on input line 226. on input line 226.
Package pdftex.def Info: Requested size: 543.14775pt x 28.45274pt on input line
 226.

Overfull \hbox (30.99812pt too wide) in paragraph at lines 226--227
 [][] 
 []

<Hadoop2.png, id=37, 1284.8pt x 803.0pt>
File: Hadoop2.png Graphic file (type png)
<use Hadoop2.png>
Package pdftex.def Info: Hadoop2.png  used on input line 234. on input line 234
.
Package pdftex.def Info: Requested size: 455.25441pt x 284.52756pt on input lin
e 234.

Underfull \hbox (badness 10000) in paragraph at lines 238--242

 []

[6 <./Question2.png> <./Run2.png> <./Hadoop2.png>] [7]
LaTeX Font Info:    External font `cmex10' loaded for size
(Font)              <7> on input line 311.
<Question3.png, id=48, 945.5325pt x 137.51375pt>
File: Question3.png Graphic file (type png)
<use Question3.png>
Package pdftex.def Info: Question3.png  used on input line 328. on input line 3
28.
Package pdftex.def Info: Requested size: 489.11162pt x 71.13188pt on input line
 328.
<Run3.png, id=49, 1284.8pt x 66.2475pt>
File: Run3.png Graphic file (type png)
<use Run3.png>
Package pdftex.def Info: Run3.png  used on input line 336. on input line 336.
Package pdftex.def Info: Requested size: 551.80629pt x 28.45274pt on input line
 336.

Overfull \hbox (39.65666pt too wide) in paragraph at lines 336--337
 [][] 
 []

[8 <./Question3.png> <./Run3.png>]
<Hadoop3.png, id=55, 1284.8pt x 803.0pt>
File: Hadoop3.png Graphic file (type png)
<use Hadoop3.png>
Package pdftex.def Info: Hadoop3.png  used on input line 345. on input line 345
.
Package pdftex.def Info: Requested size: 455.25441pt x 284.52756pt on input lin
e 345.
 [9 <./Hadoop3.png>] [10]
<Question4.png, id=63, 944.52875pt x 62.2325pt>
File: Question4.png Graphic file (type png)
<use Question4.png>
Package pdftex.def Info: Question4.png  used on input line 440. on input line 4
40.
Package pdftex.def Info: Requested size: 518.20972pt x 34.14322pt on input line
 440.

Overfull \hbox (6.06009pt too wide) in paragraph at lines 440--441
 [][] 
 []

<Run4.png, id=64, 1284.8pt x 64.24pt>
File: Run4.png Graphic file (type png)
<use Run4.png>
Package pdftex.def Info: Run4.png  used on input line 448. on input line 448.
Package pdftex.def Info: Requested size: 569.0582pt x 28.45274pt on input line 
448.

Overfull \hbox (56.90857pt too wide) in paragraph at lines 448--449
 [][] 
 []

<Hadoop4.png, id=65, 1284.8pt x 803.0pt>
File: Hadoop4.png Graphic file (type png)
<use Hadoop4.png>
Package pdftex.def Info: Hadoop4.png  used on input line 457. on input line 457
.
Package pdftex.def Info: Requested size: 455.25441pt x 284.52756pt on input lin
e 457.
[11 <./Question4.png> <./Run4.png> <./Hadoop4.png>] [12]
LaTeX Font Info:    Try loading font information for OML+cmr on input line 538.


(/usr/local/texlive/2017/texmf-dist/tex/latex/base/omlcmr.fd
File: omlcmr.fd 2014/09/29 v2.5h Standard LaTeX font definitions
)
LaTeX Font Info:    Font shape `OML/cmr/m/n' in size <10> not available
(Font)              Font shape `OML/cmm/m/it' tried instead on input line 538.
<Question5.png, id=75, 943.525pt x 61.22874pt>
File: Question5.png Graphic file (type png)
<use Question5.png>
Package pdftex.def Info: Question5.png  used on input line 564. on input line 5
64.
Package pdftex.def Info: Requested size: 526.15326pt x 34.14322pt on input line
 564.

Overfull \hbox (14.00363pt too wide) in paragraph at lines 564--565
 [][] 
 []

<Run5.png, id=76, 1284.8pt x 64.24pt>
File: Run5.png Graphic file (type png)
<use Run5.png>
Package pdftex.def Info: Run5.png  used on input line 572. on input line 572.
Package pdftex.def Info: Requested size: 512.1465pt x 25.6073pt on input line 5
72.
[13 <./Question5.png> <./Run5.png>]
<Hadoop5.png, id=84, 1284.8pt x 803.0pt>
File: Hadoop5.png Graphic file (type png)
<use Hadoop5.png>
Package pdftex.def Info: Hadoop5.png  used on input line 581. on input line 581
.
Package pdftex.def Info: Requested size: 455.25441pt x 284.52756pt on input lin
e 581.
 [14 <./Hadoop5.png>] (./MapReduce.aux) ) 
Here is how much of TeX's memory you used:
 3573 strings out of 492990
 51948 string characters out of 6132636
 165970 words of memory out of 5000000
 7079 multiletter control sequences out of 15000+600000
 9807 words of font info for 34 fonts, out of 8000000 for 9000
 1141 hyphenation exceptions out of 8191
 41i,7n,42p,764b,1492s stack positions out of 5000i,500n,10000p,200000b,80000s
</usr/local/texlive/2017/texmf-dist/fo
nts/type1/public/amsfonts/cm/cmbx10.pfb></usr/local/texlive/2017/texmf-dist/fon
ts/type1/public/amsfonts/cm/cmbx12.pfb></usr/local/texlive/2017/texmf-dist/font
s/type1/public/amsfonts/cm/cmmi10.pfb></usr/local/texlive/2017/texmf-dist/fonts
/type1/public/amsfonts/cm/cmr10.pfb></usr/local/texlive/2017/texmf-dist/fonts/t
ype1/public/amsfonts/cm/cmr9.pfb></usr/local/texlive/2017/texmf-dist/fonts/type
1/public/amsfonts/cm/cmsy10.pfb></usr/local/texlive/2017/texmf-dist/fonts/type1
/public/amsfonts/cm/cmsy9.pfb></usr/local/texlive/2017/texmf-dist/fonts/type1/p
ublic/amsfonts/cm/cmti10.pfb></usr/local/texlive/2017/texmf-dist/fonts/type1/pu
blic/amsfonts/cm/cmti12.pfb>
Output written on MapReduce.pdf (14 pages, 612624 bytes).
PDF statistics:
 119 PDF objects out of 1000 (max. 8388607)
 61 compressed objects within 1 object stream
 0 named destinations out of 1000 (max. 500000)
 81 words of extra memory for PDF output out of 10000 (max. 10000000)

